2024/08/30 22:01:36 main.go:12: test
2024/08/30 22:01:38 main.go:12: test
2024/08/30 22:45:46 bitflyer.go:56: action=doRaquest endpoint=https://api.bitflyer.com/v1/me/getbalance
2024/08/30 22:45:46 bitflyer.go:32: 1725025546
2024/08/30 22:45:49 bitflyer.go:91: url=me/getbalance resp={"status":-500,"error_message":"Key not found","data":null}
2024/08/30 22:45:49 bitflyer.go:99: action=GetBalance err=&s%!(EXTRA string=json: cannot unmarshal object into Go value of type []bitflyer.Balance)
2024/08/31 15:22:59 bitflyer.go:55: action=doRaquest endpoint=https://api.bitflyer.com/v1/ticker
2024/08/31 15:22:59 bitflyer.go:129: action=DateTime, err=parsing time "2024-08-31T06:22:58.8" as "2006-01-02T15:04:05Z07:00": cannot parse "" as "Z07:00"
2024/08/31 15:22:59 bitflyer.go:129: action=DateTime, err=parsing time "2024-08-31T06:22:58.8" as "2006-01-02T15:04:05Z07:00": cannot parse "" as "Z07:00"
2024/09/05 13:00:25 bitflyer.go:170: connecting to wss://ws.lightstream.bitflyer.com/json-rpc
2024/09/08 22:25:26 bitflyer.go:170: connecting to wss://ws.lightstream.bitflyer.com/json-rpc
2024/09/08 22:37:38 bitflyer.go:170: connecting to wss://ws.lightstream.bitflyer.com/json-rpc
2024/09/08 22:38:44 bitflyer.go:170: connecting to wss://ws.lightstream.bitflyer.com/json-rpc
2024/09/08 22:45:46 bitflyer.go:170: connecting to wss://ws.lightstream.bitflyer.com/json-rpc
2024/09/08 22:59:55 bitflyer.go:170: connecting to wss://ws.lightstream.bitflyer.com/json-rpc
2024/09/08 23:05:38 bitflyer.go:170: connecting to wss://ws.lightstream.bitflyer.com/json-rpc
2024/09/08 23:09:23 bitflyer.go:170: connecting to wss://ws.lightstream.bitflyer.com/json-rpc
2024/09/08 23:13:48 bitflyer.go:170: connecting to wss://ws.lightstream.bitflyer.com/json-rpc
2024/09/08 23:17:34 bitflyer.go:167: connecting to wss://ws.lightstream.bitflyer.com/json-rpc
2024/09/08 23:43:46 bitflyer.go:167: connecting to wss://ws.lightstream.bitflyer.com/json-rpc
2024/09/08 23:48:28 bitflyer.go:167: connecting to wss://ws.lightstream.bitflyer.com/json-rpc
2024/09/08 23:53:58 bitflyer.go:213: connecting to wss://ws.lightstream.bitflyer.com/json-rpc
